<?xml version="1.0" encoding="UTF-8"?>
<!-- Generated by org.testng.reporters.JUnitXMLReporter -->
<testsuite ignored="9" hostname="DESKTOP-4QS4J19" failures="0" tests="3" name="Group Test" time="0.118" errors="0" timestamp="2022-04-13T11:31:03 IST">
  <testcase classname="Assertion.GroupTest" name="test1" time="0.017"/>
  <testcase classname="Assertion.GroupTest" name="test6" time="0.003"/>
  <testcase classname="Assertion.HardAssertion" name="test3" time="0.006"/>
  <testcase classname="Assertion.HardAssertion" name="test2" time="0.0">
    <ignored/>
  </testcase> <!-- test2 -->
  <testcase classname="Assertion.HardAssertion" name="test6" time="0.0">
    <ignored/>
  </testcase> <!-- test6 -->
  <testcase classname="Assertion.GroupTest" name="test5" time="0.0">
    <ignored/>
  </testcase> <!-- test5 -->
  <testcase classname="Assertion.HardAssertion" name="test1" time="0.0">
    <ignored/>
  </testcase> <!-- test1 -->
  <testcase classname="Assertion.GroupTest" name="test4" time="0.0">
    <ignored/>
  </testcase> <!-- test4 -->
  <testcase classname="Assertion.GroupTest" name="test3" time="0.0">
    <ignored/>
  </testcase> <!-- test3 -->
  <testcase classname="Assertion.GroupTest" name="test2" time="0.0">
    <ignored/>
  </testcase> <!-- test2 -->
  <testcase classname="Assertion.HardAssertion" name="test5" time="0.0">
    <ignored/>
  </testcase> <!-- test5 -->
  <testcase classname="Assertion.HardAssertion" name="test4" time="0.0">
    <ignored/>
  </testcase> <!-- test4 -->
</testsuite> <!-- Group Test -->
