<?xml version="1.0" encoding="UTF-8"?>
<!-- Generated by org.testng.reporters.JUnitXMLReporter -->
<testsuite ignored="0" hostname="DESKTOP-4QS4J19" failures="0" tests="5" name="dashAndInvest Test" time="137.443" errors="0" timestamp="2022-04-14T15:57:54 IST">
  <testcase classname="TestCases.DashbordPageTest" name="validateEmailTest" time="6.312"/>
  <testcase classname="TestCases.DashbordPageTest" name="validateNicknameTest" time="0.098"/>
  <testcase classname="TestCases.DashbordPageTest" name="validateProfileIdTest" time="0.111"/>
  <testcase classname="TestCases.DashbordPageTest" name="validateProfileNameTest" time="0.387"/>
  <testcase classname="TestCases.StartInvestingTest" name="completeGetOrder" time="13.455"/>
</testsuite> <!-- dashAndInvest Test -->
